<?xml version="1.0" encoding="UTF-8"?>
<!-- Generated by org.testng.reporters.JUnitXMLReporter -->
<testsuite ignored="0" hostname="NWCHNLAP004" failures="0" tests="4" name="Default test" time="114.675" errors="0" timestamp="2022-07-15T22:15:43 IST">
  <testcase classname="action_Requests.ActionRequets_MY_REQUESTS_Filter" name="filterByOpenStatus" time="31.784"/>
  <testcase classname="action_Requests.ActionRequets_MY_REQUESTS_Filter" name="filterByRejectedStatus" time="24.298"/>
  <testcase classname="action_Requests.ActionRequets_MY_REQUESTS_Filter" name="filterByCancelledStatus" time="22.128"/>
  <testcase classname="action_Requests.ActionRequets_MY_REQUESTS_Filter" name="filterByApprovedStatus" time="21.62"/>
</testsuite> <!-- Default test -->
