<?xml version="1.0" encoding="UTF-8"?>
<testng-results ignored="0" total="1" passed="1" failed="0" skipped="0">
  <reporter-output>
  </reporter-output>
  <suite started-at="2022-06-16T12:06:17 IST" name="Default suite" finished-at="2022-06-16T12:06:38 IST" duration-ms="21350">
    <groups>
    </groups>
    <test started-at="2022-06-16T12:06:17 IST" name="Default test" finished-at="2022-06-16T12:06:38 IST" duration-ms="21350">
      <class name="EHUB.GHR_CreateEmployee.Delete_Multiple_Drafts">
        <test-method signature="saveDraft()[pri:0, instance:EHUB.GHR_CreateEmployee.Delete_Multiple_Drafts@7c24b813]" started-at="2022-06-16T12:06:17 IST" name="saveDraft" finished-at="2022-06-16T12:06:38 IST" duration-ms="21321" status="PASS">
          <reporter-output>
          </reporter-output>
        </test-method> <!-- saveDraft -->
      </class> <!-- EHUB.GHR_CreateEmployee.Delete_Multiple_Drafts -->
    </test> <!-- Default test -->
  </suite> <!-- Default suite -->
</testng-results>
